{
  message: 'Successfully database connected!',
  level: 'info',
  label: 'UMS',
  timestamp: '2023-08-03T08:06:20.427Z'
}
{
  message: 'Server is running on port 5000',
  level: 'info',
  label: 'UMS',
  timestamp: '2023-08-03T08:06:20.484Z'
}
{
  message: 'Successfully database connected!',
  level: 'info',
  label: 'UMS',
  timestamp: '2023-08-03T08:07:18.112Z'
}
{
  message: 'Server is running on port 5000',
  level: 'info',
  label: 'UMS',
  timestamp: '2023-08-03T08:07:18.123Z'
}
{
  message: 'Successfully database connected!',
  level: 'info',
  label: 'UMS',
  timestamp: '2023-08-03T08:22:20.695Z'
}
{
  message: 'Server is running on port 5000',
  level: 'info',
  label: 'UMS',
  timestamp: '2023-08-03T08:22:20.704Z'
}
{
  message: 'Successfully database connected!',
  level: 'info',
  label: 'UMS',
  timestamp: '2023-08-03T08:23:34.714Z'
}
{
  message: 'Server is running on port 5000',
  level: 'info',
  label: 'UMS',
  timestamp: '2023-08-03T08:23:34.726Z'
}
