{
  message: 'Successfully database connected!',
  level: 'info',
  label: 'UMS',
  timestamp: '2023-08-28T09:18:23.489Z'
}
{
  message: 'Server is running on port 5000',
  level: 'info',
  label: 'UMS',
  timestamp: '2023-08-28T09:18:23.506Z'
}
{
  message: 'Successfully database connected!',
  level: 'info',
  label: 'UMS',
  timestamp: '2023-08-28T09:51:32.890Z'
}
{
  message: 'Server is running on port 5000',
  level: 'info',
  label: 'UMS',
  timestamp: '2023-08-28T09:51:32.904Z'
}
{
  message: 'Successfully database connected!',
  level: 'info',
  label: 'UMS',
  timestamp: '2023-08-28T09:52:51.818Z'
}
{
  message: 'Server is running on port 5000',
  level: 'info',
  label: 'UMS',
  timestamp: '2023-08-28T09:52:51.841Z'
}
{
  message: 'Successfully database connected!',
  level: 'info',
  label: 'UMS',
  timestamp: '2023-08-28T09:54:15.753Z'
}
{
  message: 'Server is running on port 5000',
  level: 'info',
  label: 'UMS',
  timestamp: '2023-08-28T09:54:15.771Z'
}
{
  message: 'Successfully database connected!',
  level: 'info',
  label: 'UMS',
  timestamp: '2023-08-28T09:56:18.582Z'
}
{
  message: 'Server is running on port 5000',
  level: 'info',
  label: 'UMS',
  timestamp: '2023-08-28T09:56:18.596Z'
}
