{
  message: 'Successfully database connected!',
  level: 'info',
  label: 'UMS',
  timestamp: '2023-08-03T05:47:29.239Z'
}
{
  message: 'Server is running on port 5000',
  level: 'info',
  label: 'UMS',
  timestamp: '2023-08-03T05:47:29.256Z'
}
{
  message: 'Successfully database connected!',
  level: 'info',
  label: 'UMS',
  timestamp: '2023-08-03T05:48:07.633Z'
}
{
  message: 'Server is running on port 5000',
  level: 'info',
  label: 'UMS',
  timestamp: '2023-08-03T05:48:07.640Z'
}
{
  message: 'Successfully database connected!',
  level: 'info',
  label: 'UMS',
  timestamp: '2023-08-03T05:51:21.557Z'
}
{
  message: 'Server is running on port 5000',
  level: 'info',
  label: 'UMS',
  timestamp: '2023-08-03T05:51:21.572Z'
}
