{
  message: 'Successfully database connected!',
  level: 'info',
  label: 'UMS',
  timestamp: '2023-08-18T07:44:12.245Z'
}
{
  message: 'Server is running on port 5000',
  level: 'info',
  label: 'UMS',
  timestamp: '2023-08-18T07:44:12.267Z'
}
{
  message: 'Successfully database connected!',
  level: 'info',
  label: 'UMS',
  timestamp: '2023-08-18T07:46:31.511Z'
}
{
  message: 'Server is running on port 5000',
  level: 'info',
  label: 'UMS',
  timestamp: '2023-08-18T07:46:31.527Z'
}
{
  message: 'Successfully database connected!',
  level: 'info',
  label: 'UMS',
  timestamp: '2023-08-18T07:46:48.419Z'
}
{
  message: 'Server is running on port 5000',
  level: 'info',
  label: 'UMS',
  timestamp: '2023-08-18T07:46:48.434Z'
}
